<?xml version="1.0" encoding="UTF-8"?>
<testng-results skipped="0" failed="0" ignored="0" total="1" passed="1">
  <reporter-output>
  </reporter-output>
  <suite name="Default suite" duration-ms="38531" started-at="2020-10-07T00:13:24 PDT" finished-at="2020-10-07T00:14:03 PDT">
    <groups>
    </groups>
    <test name="Default test" duration-ms="38531" started-at="2020-10-07T00:13:24 PDT" finished-at="2020-10-07T00:14:03 PDT">
      <class name="interactions.DragabbleTest">
        <test-method status="PASS" signature="DragabbleTest()[pri:0, instance:interactions.DragabbleTest@b3d7190]" name="DragabbleTest" duration-ms="38491" started-at="2020-10-07T00:13:24 PDT" finished-at="2020-10-07T00:14:03 PDT">
          <reporter-output>
          </reporter-output>
        </test-method> <!-- DragabbleTest -->
      </class> <!-- interactions.DragabbleTest -->
    </test> <!-- Default test -->
  </suite> <!-- Default suite -->
</testng-results>
